This file contains any messages produced by compilers while
running configure, to aid debugging if configure makes a mistake.

It was created by configure, which was
generated by GNU Autoconf 2.73.  Invocation command line was

  $ ./configure --with-php-config=/usr/local/bin/php-config

## --------- ##
## Platform. ##
## --------- ##

hostname = Apples-MacBook-Air.local
uname -m = x86_64
uname -r = 21.6.0
uname -s = Darwin
uname -v = Darwin Kernel Version 21.6.0: Mon Jun 24 00:56:10 PDT 2024; root:xnu-8020.240.18.709.2~1/RELEASE_X86_64

/usr/bin/uname -p = i386
/bin/uname -X     = unknown

/bin/arch              = unknown
/usr/bin/arch -k       = unknown
/usr/convex/getsysinfo = unknown
/usr/bin/hostinfo      = Mach kernel version:
	 Darwin Kernel Version 21.6.0: Mon Jun 24 00:56:10 PDT 2024; root:xnu-8020.240.18.709.2~1/RELEASE_X86_64
Kernel configured for up to 4 processors.
2 processors are physically available.
4 processors are logically available.
Processor type: x86_64h (Intel x86-64h Haswell)
Processors active: 0 1 2 3
Primary memory available: 16.00 gigabytes
Default processor set: 459 tasks, 2118 threads, 4 processors
Load average: 15.86, Mach factor: 0.23
/bin/machine           = unknown
/usr/bin/oslevel       = unknown
/bin/universe          = unknown

PATH: /Users/apple/.antigravity/antigravity/bin/
PATH: /Users/apple/.composer/vendor/bin/
PATH: /usr/local/bin/
PATH: /usr/bin/
PATH: /bin/
PATH: /usr/sbin/
PATH: /sbin/


## ----------- ##
## Core tests. ##
## ----------- ##

configure:3060: looking for aux files: config.guess config.sub
configure:3073:  trying ./build/
configure:3102:   ./build/config.guess found
configure:3102:   ./build/config.sub found
configure:3243: checking for grep that handles long lines and -e
configure:3309: result: /usr/bin/grep
configure:3314: checking for egrep
configure:3384: result: /usr/bin/grep -E
configure:3391: checking for a sed that does not truncate output
configure:3463: result: /usr/bin/sed
configure:3540: checking build system type
configure:3556: result: x86_64-apple-darwin21.6.0
configure:3576: checking host system type
configure:3591: result: x86_64-apple-darwin21.6.0
configure:3611: checking target system type
configure:3626: result: x86_64-apple-darwin21.6.0
configure:3678: checking for gawk
configure:3715: result: no
configure:3678: checking for nawk
configure:3715: result: no
configure:3678: checking for awk
configure:3700: found /usr/bin/awk
configure:3712: result: awk
configure:3734: checking if awk is broken
configure:3744: result: no
configure:3820: checking for pkg-config
configure:3843: found /usr/local/bin/pkg-config
configure:3856: result: /usr/local/bin/pkg-config
configure:3881: checking pkg-config is at least version 0.9.0
configure:3884: result: yes
configure:3964: checking for cc
configure:3985: found /usr/bin/cc
configure:3997: result: cc
configure:4028: checking for C compiler version
configure:4037: cc --version >&5
Apple clang version 14.0.0 (clang-1400.0.29.202)
Target: x86_64-apple-darwin21.6.0
Thread model: posix
InstalledDir: /Library/Developer/CommandLineTools/usr/bin
configure:4048: $? = 0
configure:4037: cc -v >&5
Apple clang version 14.0.0 (clang-1400.0.29.202)
Target: x86_64-apple-darwin21.6.0
Thread model: posix
InstalledDir: /Library/Developer/CommandLineTools/usr/bin
configure:4048: $? = 0
configure:4037: cc -V >&5
clang: error: argument to '-V' is missing (expected 1 value)
clang: error: no input files
configure:4048: $? = 1
configure:4037: cc -qversion >&5
clang: error: unknown argument '-qversion'; did you mean '--version'?
clang: error: no input files
configure:4048: $? = 1
configure:4037: cc -version >&5
clang: error: unknown argument '-version'; did you mean '--version'?
clang: error: no input files
configure:4048: $? = 1
configure:4068: checking whether the C compiler works
configure:4090: cc    conftest.c  >&5
configure:4094: $? = 0
configure:4145: result: yes
configure:4149: checking for C compiler default output file name
configure:4151: result: a.out
configure:4157: checking for suffix of executables
configure:4164: cc -o conftest    conftest.c  >&5
configure:4168: $? = 0
configure:4192: result: 
configure:4216: checking whether we are cross compiling
configure:4224: cc -o conftest    conftest.c  >&5
configure:4228: $? = 0
configure:4235: ./conftest
configure:4239: $? = 0
configure:4254: result: no
configure:4260: checking for suffix of object files
configure:4283: cc -c   conftest.c >&5
configure:4287: $? = 0
configure:4311: result: o
configure:4315: checking whether the compiler supports GNU C
configure:4335: cc -c   conftest.c >&5
configure:4335: $? = 0
configure:4347: result: yes
configure:4358: checking whether cc accepts -g
configure:4379: cc -c -g  conftest.c >&5
configure:4379: $? = 0
configure:4426: result: yes
configure:4446: checking for cc option to enable C23 features
configure:4461: cc  -c -g -O2  conftest.c >&5
conftest.c:14:3: error: "Compiler advertises conformance to C17 or earlier"
# error "Compiler advertises conformance to C17 or earlier"
  ^
conftest.c:18:23: error: expected function body after function declarator
char alignas (double) c23_aligned_as_double;
                      ^
conftest.c:19:15: error: expected parameter declarator
char alignas (0) c23_no_special_alignment;
              ^
conftest.c:19:15: error: expected ')'
conftest.c:19:14: note: to match this '('
char alignas (0) c23_no_special_alignment;
             ^
conftest.c:19:18: error: expected function body after function declarator
char alignas (0) c23_no_special_alignment;
                 ^
conftest.c:21:15: error: expected parameter declarator
char alignas (0) alignas (int) c23_aligned_as_int;
              ^
conftest.c:21:15: error: expected ')'
conftest.c:21:14: note: to match this '('
char alignas (0) alignas (int) c23_aligned_as_int;
             ^
conftest.c:21:18: error: expected function body after function declarator
char alignas (0) alignas (int) c23_aligned_as_int;
                 ^
conftest.c:26:23: error: implicit declaration of function 'alignof' is invalid in C99 [-Werror,-Wimplicit-function-declaration]
  c23_int_alignment = alignof (int),
                      ^
conftest.c:26:32: error: expected expression
  c23_int_alignment = alignof (int),
                               ^
conftest.c:27:38: error: expected expression
  c23_int_array_alignment = alignof (int[100]),
                                     ^
conftest.c:28:33: error: expected expression
  c23_char_alignment = alignof (char)
                                ^
conftest.c:30:16: error: expected parameter declarator
static_assert (0 < -alignof (int), "alignof is signed");
               ^
conftest.c:30:16: error: expected ')'
conftest.c:30:15: note: to match this '('
static_assert (0 < -alignof (int), "alignof is signed");
              ^
conftest.c:30:1: warning: type specifier missing, defaults to 'int' [-Wimplicit-int]
static_assert (0 < -alignof (int), "alignof is signed");
^
conftest.c:32:41: warning: omitting the parameter name in a function definition is a C2x extension [-Wc2x-extensions]
int function_with_unnamed_parameter (int) { return 0; }
                                        ^
conftest.c:38:1: error: unknown type name 'bool'
bool use_u8 = (!sizeof u8"\xFF") == (!u8'x');
^
conftest.c:38:39: error: use of undeclared identifier 'u8'
bool use_u8 = (!sizeof u8"\xFF") == (!u8'x');
                                      ^
conftest.c:40:1: error: unknown type name 'bool'
bool check_that_bool_works = true | false | !nullptr;
^
conftest.c:40:30: error: use of undeclared identifier 'true'
bool check_that_bool_works = true | false | !nullptr;
                             ^
conftest.c:40:37: error: use of undeclared identifier 'false'
bool check_that_bool_works = true | false | !nullptr;
                                    ^
fatal error: too many errors emitted, stopping now [-ferror-limit=]
2 warnings and 20 errors generated.
configure:4461: $? = 1
configure: failed program was:
| /* confdefs.h */
| #define PACKAGE_NAME ""
| #define PACKAGE_TARNAME ""
| #define PACKAGE_VERSION ""
| #define PACKAGE_STRING ""
| #define PACKAGE_BUGREPORT ""
| #define PACKAGE_URL ""
| /* end confdefs.h.  */
| 
| /* Does the compiler advertise conformance to C17 or earlier?
|    Although GCC 14 does not do that, even with -std=gnu23,
|    it is close enough, and defines __STDC_VERSION == 202000L.  */
| #if !defined __STDC_VERSION__ || __STDC_VERSION__ <= 201710L
| # error "Compiler advertises conformance to C17 or earlier"
| #endif
| 
| // Check alignas.
| char alignas (double) c23_aligned_as_double;
| char alignas (0) c23_no_special_alignment;
| extern char c23_aligned_as_int;
| char alignas (0) alignas (int) c23_aligned_as_int;
| 
| // Check alignof.
| enum
| {
|   c23_int_alignment = alignof (int),
|   c23_int_array_alignment = alignof (int[100]),
|   c23_char_alignment = alignof (char)
| };
| static_assert (0 < -alignof (int), "alignof is signed");
| 
| int function_with_unnamed_parameter (int) { return 0; }
| 
| void c23_noreturn ();
| 
| /* Test parsing of string and char UTF-8 literals (including hex escapes).
|    The parens pacify GCC 15.  */
| bool use_u8 = (!sizeof u8"\xFF") == (!u8'x');
| 
| bool check_that_bool_works = true | false | !nullptr;
| #if !true
| # error "true does not work in #if"
| #endif
| #if false
| #elifdef __STDC_VERSION__
| #else
| # error "#elifdef does not work"
| #endif
| 
| #ifndef __has_c_attribute
| # error "__has_c_attribute not defined"
| #endif
| 
| #ifndef __has_include
| # error "__has_include not defined"
| #endif
| 
| #define LPAREN() (
| #define FORTY_TWO(x) 42
| #define VA_OPT_TEST(r, x, ...) __VA_OPT__ (FORTY_TWO r x))
| static_assert (VA_OPT_TEST (LPAREN (), 0, <:-) == 42);
| 
| static_assert (0b101010 == 42);
| static_assert (0B101010 == 42);
| static_assert (0xDEAD'BEEF == 3'735'928'559);
| static_assert (0.500'000'000 == 0.5);
| 
| enum unsignedish : unsigned int { uione = 1 };
| static_assert (0 < -uione);
| 
| #include <stddef.h>
| constexpr nullptr_t null_pointer = nullptr;
| 
| static typeof (1 + 1L) two () { return 2; }
| static long int three () { return 3; }
| 
| 
| int
| main (int, char **)
| {
|   int ok = 0;
|   
|   {
|     label_before_declaration:
|       int arr[10] = {};
|       if (arr[0])
|         goto label_before_declaration;
|       if (!arr[0])
|         goto label_at_end_of_block;
|     label_at_end_of_block:
|   }
|   ok |= !null_pointer;
|   ok |= two != three;
| 
|   return ok;
| }
| 
configure:4461: cc -std=gnu23 -c -g -O2  conftest.c >&5
error: invalid value 'gnu23' in '-std=gnu23'
note: use 'c89', 'c90', or 'iso9899:1990' for 'ISO C 1990' standard
note: use 'iso9899:199409' for 'ISO C 1990 with amendment 1' standard
note: use 'gnu89' or 'gnu90' for 'ISO C 1990 with GNU extensions' standard
note: use 'c99' or 'iso9899:1999' for 'ISO C 1999' standard
note: use 'gnu99' for 'ISO C 1999 with GNU extensions' standard
note: use 'c11' or 'iso9899:2011' for 'ISO C 2011' standard
note: use 'gnu11' for 'ISO C 2011 with GNU extensions' standard
note: use 'c17', 'iso9899:2017', 'c18', or 'iso9899:2018' for 'ISO C 2017' standard
note: use 'gnu17' or 'gnu18' for 'ISO C 2017 with GNU extensions' standard
note: use 'c2x' for 'Working Draft for ISO C2x' standard
note: use 'gnu2x' for 'Working Draft for ISO C2x with GNU extensions' standard
configure:4461: $? = 1
configure: failed program was:
| /* confdefs.h */
| #define PACKAGE_NAME ""
| #define PACKAGE_TARNAME ""
| #define PACKAGE_VERSION ""
| #define PACKAGE_STRING ""
| #define PACKAGE_BUGREPORT ""
| #define PACKAGE_URL ""
| /* end confdefs.h.  */
| 
| /* Does the compiler advertise conformance to C17 or earlier?
|    Although GCC 14 does not do that, even with -std=gnu23,
|    it is close enough, and defines __STDC_VERSION == 202000L.  */
| #if !defined __STDC_VERSION__ || __STDC_VERSION__ <= 201710L
| # error "Compiler advertises conformance to C17 or earlier"
| #endif
| 
| // Check alignas.
| char alignas (double) c23_aligned_as_double;
| char alignas (0) c23_no_special_alignment;
| extern char c23_aligned_as_int;
| char alignas (0) alignas (int) c23_aligned_as_int;
| 
| // Check alignof.
| enum
| {
|   c23_int_alignment = alignof (int),
|   c23_int_array_alignment = alignof (int[100]),
|   c23_char_alignment = alignof (char)
| };
| static_assert (0 < -alignof (int), "alignof is signed");
| 
| int function_with_unnamed_parameter (int) { return 0; }
| 
| void c23_noreturn ();
| 
| /* Test parsing of string and char UTF-8 literals (including hex escapes).
|    The parens pacify GCC 15.  */
| bool use_u8 = (!sizeof u8"\xFF") == (!u8'x');
| 
| bool check_that_bool_works = true | false | !nullptr;
| #if !true
| # error "true does not work in #if"
| #endif
| #if false
| #elifdef __STDC_VERSION__
| #else
| # error "#elifdef does not work"
| #endif
| 
| #ifndef __has_c_attribute
| # error "__has_c_attribute not defined"
| #endif
| 
| #ifndef __has_include
| # error "__has_include not defined"
| #endif
| 
| #define LPAREN() (
| #define FORTY_TWO(x) 42
| #define VA_OPT_TEST(r, x, ...) __VA_OPT__ (FORTY_TWO r x))
| static_assert (VA_OPT_TEST (LPAREN (), 0, <:-) == 42);
| 
| static_assert (0b101010 == 42);
| static_assert (0B101010 == 42);
| static_assert (0xDEAD'BEEF == 3'735'928'559);
| static_assert (0.500'000'000 == 0.5);
| 
| enum unsignedish : unsigned int { uione = 1 };
| static_assert (0 < -uione);
| 
| #include <stddef.h>
| constexpr nullptr_t null_pointer = nullptr;
| 
| static typeof (1 + 1L) two () { return 2; }
| static long int three () { return 3; }
| 
| 
| int
| main (int, char **)
| {
|   int ok = 0;
|   
|   {
|     label_before_declaration:
|       int arr[10] = {};
|       if (arr[0])
|         goto label_before_declaration;
|       if (!arr[0])
|         goto label_at_end_of_block;
|     label_at_end_of_block:
|   }
|   ok |= !null_pointer;
|   ok |= two != three;
| 
|   return ok;
| }
| 
configure:4475: result: unsupported
configure:4495: checking for cc option to enable C11 features
configure:4510: cc  -c -g -O2  conftest.c >&5
configure:4510: $? = 0
configure:4529: result: none needed
configure:4653: checking how to run the C preprocessor
configure:4679: cc -E  conftest.c
configure:4679: $? = 0
configure:4695: cc -E  conftest.c
conftest.c:9:10: fatal error: 'ac_nonexistent.h' file not found
#include <ac_nonexistent.h>
         ^~~~~~~~~~~~~~~~~~
1 error generated.
configure:4695: $? = 1
configure: failed program was:
| /* confdefs.h */
| #define PACKAGE_NAME ""
| #define PACKAGE_TARNAME ""
| #define PACKAGE_VERSION ""
| #define PACKAGE_STRING ""
| #define PACKAGE_BUGREPORT ""
| #define PACKAGE_URL ""
| /* end confdefs.h.  */
| #include <ac_nonexistent.h>
configure:4724: result: cc -E
configure:4738: cc -E  conftest.c
configure:4738: $? = 0
configure:4754: cc -E  conftest.c
conftest.c:9:10: fatal error: 'ac_nonexistent.h' file not found
#include <ac_nonexistent.h>
         ^~~~~~~~~~~~~~~~~~
1 error generated.
configure:4754: $? = 1
configure: failed program was:
| /* confdefs.h */
| #define PACKAGE_NAME ""
| #define PACKAGE_TARNAME ""
| #define PACKAGE_VERSION ""
| #define PACKAGE_STRING ""
| #define PACKAGE_BUGREPORT ""
| #define PACKAGE_URL ""
| /* end confdefs.h.  */
| #include <ac_nonexistent.h>
configure:4787: checking for egrep -e
configure:4917: result: /usr/bin/grep -E
configure:4923: checking for icc
configure:4933: result: no
configure:4948: checking for suncc
configure:4958: result: no
configure:4977: checking for system library directory
configure:4994: result: lib
configure:5001: checking if compiler supports -Wl,-rpath,
configure:5021: cc -o conftest -g -O2   conftest.c -Wl,-rpath,/usr/lib  >&5
configure:5021: $? = 0
configure:5034: result: yes
configure:5158: checking for PHP prefix
configure:5160: result: /usr/local/Cellar/php/8.5.6
configure:5162: checking for PHP includes
configure:5164: result: -I/usr/local/Cellar/php/8.5.6/include/php -I/usr/local/Cellar/php/8.5.6/include/php/main -I/usr/local/Cellar/php/8.5.6/include/php/TSRM -I/usr/local/Cellar/php/8.5.6/include/php/Zend -I/usr/local/Cellar/php/8.5.6/include/php/ext -I/usr/local/Cellar/php/8.5.6/include/php/ext/date/lib
configure:5166: checking for PHP extension directory
configure:5168: result: /usr/local/Cellar/php/8.5.6/pecl/20250925
configure:5170: checking for PHP installed headers prefix
configure:5172: result: /usr/local/Cellar/php/8.5.6/include/php
configure:5175: checking if debugging is enabled
configure:5199: result: no
configure:5202: checking if PHP is built with thread safety (ZTS)
configure:5226: result: no
configure:5303: result: 
configure:5305: result: Configuring extension
configure:5314: checking whether to enable MongoDB support
configure:5355: result: yes, shared
configure:5452: checking for pkg-config
configure:5488: result: /usr/local/bin/pkg-config
configure:5513: checking pkg-config is at least version 0.9.0
configure:5516: result: yes
configure:5531: checking PHP version
configure:5546: result: 8.5.6
configure:5560: checking whether to enable developer build flags
configure:5576: result: no
configure:7103: checking whether to enable code coverage
configure:7119: result: no
configure:7248: checking whether to compile against system libraries instead of bundled
configure:7265: result: no
configure:7287: checking whether to enable client-side encryption
configure:7304: result: auto
configure:8382: checking for gcc
configure:8415: result: cc
configure:8774: checking for C compiler version
configure:8783: cc --version >&5
Apple clang version 14.0.0 (clang-1400.0.29.202)
Target: x86_64-apple-darwin21.6.0
Thread model: posix
InstalledDir: /Library/Developer/CommandLineTools/usr/bin
configure:8794: $? = 0
configure:8783: cc -v >&5
Apple clang version 14.0.0 (clang-1400.0.29.202)
Target: x86_64-apple-darwin21.6.0
Thread model: posix
InstalledDir: /Library/Developer/CommandLineTools/usr/bin
configure:8794: $? = 0
configure:8783: cc -V >&5
clang: error: argument to '-V' is missing (expected 1 value)
clang: error: no input files
configure:8794: $? = 1
configure:8783: cc -qversion >&5
clang: error: unknown argument '-qversion'; did you mean '--version'?
clang: error: no input files
configure:8794: $? = 1
configure:8783: cc -version >&5
clang: error: unknown argument '-version'; did you mean '--version'?
clang: error: no input files
configure:8794: $? = 1
configure:8798: checking whether the compiler supports GNU C
configure:8830: result: yes
configure:8841: checking whether cc accepts -g
configure:8909: result: yes
configure:8929: checking for cc option to enable C23 features
configure:8958: result: unsupported
configure:8978: checking for cc option to enable C11 features
configure:9012: result: none needed
configure:9194: checking for g++
configure:9215: found /usr/bin/g++
configure:9227: result: g++
configure:9254: checking for C++ compiler version
configure:9263: g++ --version >&5
Apple clang version 14.0.0 (clang-1400.0.29.202)
Target: x86_64-apple-darwin21.6.0
Thread model: posix
InstalledDir: /Library/Developer/CommandLineTools/usr/bin
configure:9274: $? = 0
configure:9263: g++ -v >&5
Apple clang version 14.0.0 (clang-1400.0.29.202)
Target: x86_64-apple-darwin21.6.0
Thread model: posix
InstalledDir: /Library/Developer/CommandLineTools/usr/bin
configure:9274: $? = 0
configure:9263: g++ -V >&5
clang: error: argument to '-V' is missing (expected 1 value)
clang: error: no input files
configure:9274: $? = 1
configure:9263: g++ -qversion >&5
clang: error: unknown argument '-qversion'; did you mean '--version'?
clang: error: no input files
configure:9274: $? = 1
configure:9278: checking whether the compiler supports GNU C++
configure:9298: g++ -c   conftest.cpp >&5
configure:9298: $? = 0
configure:9310: result: yes
configure:9321: checking whether g++ accepts -g
configure:9342: g++ -c -g  conftest.cpp >&5
configure:9342: $? = 0
configure:9389: result: yes
configure:9447: cc -c -g -O2  conftest.c >&5
conftest.c:11:2: error: Not a supported GCC compiler
#error Not a supported GCC compiler
 ^
conftest.c:16:2: error: Not a supported GCC compiler
#error Not a supported GCC compiler
 ^
2 errors generated.
configure:9447: $? = 1
configure: failed program was:
| /* confdefs.h */
| #define PACKAGE_NAME ""
| #define PACKAGE_TARNAME ""
| #define PACKAGE_VERSION ""
| #define PACKAGE_STRING ""
| #define PACKAGE_BUGREPORT ""
| #define PACKAGE_URL ""
| /* end confdefs.h.  */
| 
| #if !(defined(__GNUC__) && !defined(__clang__) && !defined(__INTEL_COMPILER))
| #error Not a supported GCC compiler
| #endif
| #if defined(__GNUC__)
| #define GCC_VERSION (__GNUC__ * 10000                      + __GNUC_MINOR__ * 100                      + __GNUC_PATCHLEVEL__)
| #if GCC_VERSION < 40600
| #error Not a supported GCC compiler
| #endif
| #endif
| 
| int
| main (void)
| {
| 
|   ;
|   return 0;
| }
configure:9473: cc -c -g -O2  conftest.c >&5
configure:9473: $? = 0
configure:9493: cc -c -g -O2  conftest.c >&5
conftest.c:11:2: error: Not a supported Sun compiler
#error Not a supported Sun compiler
 ^
1 error generated.
configure:9493: $? = 1
configure: failed program was:
| /* confdefs.h */
| #define PACKAGE_NAME ""
| #define PACKAGE_TARNAME ""
| #define PACKAGE_VERSION ""
| #define PACKAGE_STRING ""
| #define PACKAGE_BUGREPORT ""
| #define PACKAGE_URL ""
| /* end confdefs.h.  */
| 
| #if !(defined(__SUNPRO_C))
| #error Not a supported Sun compiler
| #endif
| 
| int
| main (void)
| {
| 
|   ;
|   return 0;
| }
configure:9510: checking for an ANSI C-conforming const
configure:9574: cc -c -g -O2  conftest.c >&5
configure:9574: $? = 0
configure:9584: result: yes
configure:9592: checking for inline
configure:9609: cc -c -g -O2  conftest.c >&5
configure:9609: $? = 0
configure:9619: result: inline
configure:9638: checking for typeof syntax and keyword spelling
configure:9670: cc -c -g -O2  conftest.c >&5
configure:9670: $? = 0
configure:9679: result: typeof
configure:9775: checking for stdio.h
configure:9775: cc -c -g -O2  -D_XOPEN_SOURCE=700 -D_BSD_SOURCE -D_DEFAULT_SOURCE -D_DARWIN_C_SOURCE conftest.c >&5
configure:9775: $? = 0
configure:9775: result: yes
configure:9775: checking for stdlib.h
configure:9775: cc -c -g -O2  -D_XOPEN_SOURCE=700 -D_BSD_SOURCE -D_DEFAULT_SOURCE -D_DARWIN_C_SOURCE conftest.c >&5
configure:9775: $? = 0
configure:9775: result: yes
configure:9775: checking for string.h
configure:9775: cc -c -g -O2  -D_XOPEN_SOURCE=700 -D_BSD_SOURCE -D_DEFAULT_SOURCE -D_DARWIN_C_SOURCE conftest.c >&5
configure:9775: $? = 0
configure:9775: result: yes
configure:9775: checking for inttypes.h
configure:9775: cc -c -g -O2  -D_XOPEN_SOURCE=700 -D_BSD_SOURCE -D_DEFAULT_SOURCE -D_DARWIN_C_SOURCE conftest.c >&5
configure:9775: $? = 0
configure:9775: result: yes
configure:9775: checking for stdint.h
configure:9775: cc -c -g -O2  -D_XOPEN_SOURCE=700 -D_BSD_SOURCE -D_DEFAULT_SOURCE -D_DARWIN_C_SOURCE conftest.c >&5
configure:9775: $? = 0
configure:9775: result: yes
configure:9775: checking for strings.h
configure:9775: cc -c -g -O2  -D_XOPEN_SOURCE=700 -D_BSD_SOURCE -D_DEFAULT_SOURCE -D_DARWIN_C_SOURCE conftest.c >&5
configure:9775: $? = 0
configure:9775: result: yes
configure:9775: checking for sys/stat.h
configure:9775: cc -c -g -O2  -D_XOPEN_SOURCE=700 -D_BSD_SOURCE -D_DEFAULT_SOURCE -D_DARWIN_C_SOURCE conftest.c >&5
configure:9775: $? = 0
configure:9775: result: yes
configure:9775: checking for sys/types.h
configure:9775: cc -c -g -O2  -D_XOPEN_SOURCE=700 -D_BSD_SOURCE -D_DEFAULT_SOURCE -D_DARWIN_C_SOURCE conftest.c >&5
configure:9775: $? = 0
configure:9775: result: yes
configure:9775: checking for unistd.h
configure:9775: cc -c -g -O2  -D_XOPEN_SOURCE=700 -D_BSD_SOURCE -D_DEFAULT_SOURCE -D_DARWIN_C_SOURCE conftest.c >&5
configure:9775: $? = 0
configure:9775: result: yes
configure:9800: checking for _Bool
configure:9800: cc -c -g -O2  -D_XOPEN_SOURCE=700 -D_BSD_SOURCE -D_DEFAULT_SOURCE -D_DARWIN_C_SOURCE conftest.c >&5
configure:9800: $? = 0
configure:9800: cc -c -g -O2  -D_XOPEN_SOURCE=700 -D_BSD_SOURCE -D_DEFAULT_SOURCE -D_DARWIN_C_SOURCE conftest.c >&5
conftest.c:51:20: error: expected expression
if (sizeof ((_Bool)))
                   ^
1 error generated.
configure:9800: $? = 1
configure: failed program was:
| /* confdefs.h */
| #define PACKAGE_NAME ""
| #define PACKAGE_TARNAME ""
| #define PACKAGE_VERSION ""
| #define PACKAGE_STRING ""
| #define PACKAGE_BUGREPORT ""
| #define PACKAGE_URL ""
| #define HAVE_TYPEOF 1
| #define HAVE_STDIO_H 1
| #define HAVE_STDLIB_H 1
| #define HAVE_STRING_H 1
| #define HAVE_INTTYPES_H 1
| #define HAVE_STDINT_H 1
| #define HAVE_STRINGS_H 1
| #define HAVE_SYS_STAT_H 1
| #define HAVE_SYS_TYPES_H 1
| #define HAVE_UNISTD_H 1
| #define STDC_HEADERS 1
| /* end confdefs.h.  */
| #include <stddef.h>
| #ifdef HAVE_STDIO_H
| # include <stdio.h>
| #endif
| #ifdef HAVE_STDLIB_H
| # include <stdlib.h>
| #endif
| #ifdef HAVE_STRING_H
| # include <string.h>
| #endif
| #ifdef HAVE_INTTYPES_H
| # include <inttypes.h>
| #endif
| #ifdef HAVE_STDINT_H
| # include <stdint.h>
| #endif
| #ifdef HAVE_STRINGS_H
| # include <strings.h>
| #endif
| #ifdef HAVE_SYS_TYPES_H
| # include <sys/types.h>
| #endif
| #ifdef HAVE_SYS_STAT_H
| # include <sys/stat.h>
| #endif
| #ifdef HAVE_UNISTD_H
| # include <unistd.h>
| #endif
| int
| main (void)
| {
| if (sizeof ((_Bool)))
| 	    return 0;
|   ;
|   return 0;
| }
configure:9800: result: yes
configure:9809: checking for stdbool.h that conforms to C99 or later
configure:9884: cc -c -g -O2  -D_XOPEN_SOURCE=700 -D_BSD_SOURCE -D_DEFAULT_SOURCE -D_DARWIN_C_SOURCE conftest.c >&5
conftest.c:75:25: warning: address of 's' will always evaluate to 'true' [-Wpointer-bool-conversion]
             bool ps = &s;
                  ~~    ^
conftest.c:82:40: warning: address of array 'o' will always evaluate to 'true' [-Wpointer-bool-conversion]
                                      ~^
conftest.c:82:35: warning: address of array 'n' will always evaluate to 'true' [-Wpointer-bool-conversion]
                                 ~^
conftest.c:82:30: warning: address of array 'm' will always evaluate to 'true' [-Wpointer-bool-conversion]
                            ~^
conftest.c:82:25: warning: address of array 'l' will always evaluate to 'true' [-Wpointer-bool-conversion]
                       ~^
conftest.c:81:68: warning: address of array 'k' will always evaluate to 'true' [-Wpointer-bool-conversion]
             return (!b + !c + !d + !e + !f + !g + !h + !i + !j + !k
                                                                  ~^
conftest.c:81:63: warning: address of array 'j' will always evaluate to 'true' [-Wpointer-bool-conversion]
             return (!b + !c + !d + !e + !f + !g + !h + !i + !j + !k
                                                             ~^
conftest.c:81:58: warning: address of array 'i' will always evaluate to 'true' [-Wpointer-bool-conversion]
             return (!b + !c + !d + !e + !f + !g + !h + !i + !j + !k
                                                        ~^
conftest.c:81:33: warning: address of array 'd' will always evaluate to 'true' [-Wpointer-bool-conversion]
             return (!b + !c + !d + !e + !f + !g + !h + !i + !j + !k
                               ~^
conftest.c:81:28: warning: address of array 'c' will always evaluate to 'true' [-Wpointer-bool-conversion]
             return (!b + !c + !d + !e + !f + !g + !h + !i + !j + !k
                          ~^
conftest.c:81:23: warning: address of array 'b' will always evaluate to 'true' [-Wpointer-bool-conversion]
             return (!b + !c + !d + !e + !f + !g + !h + !i + !j + !k
                     ~^
11 warnings generated.
configure:9884: $? = 0
configure:9894: result: yes
configure:9910: checking for strings.h
configure:9910: result: yes
configure:9922: checking whether byte ordering is bigendian
configure:9938: cc -c -g -O2  -D_XOPEN_SOURCE=700 -D_BSD_SOURCE -D_DEFAULT_SOURCE -D_DARWIN_C_SOURCE conftest.c >&5
configure:9938: $? = 0
configure:9984: cc -c -g -O2  -D_XOPEN_SOURCE=700 -D_BSD_SOURCE -D_DEFAULT_SOURCE -D_DARWIN_C_SOURCE conftest.c >&5
configure:9984: $? = 0
configure:10003: cc -c -g -O2  -D_XOPEN_SOURCE=700 -D_BSD_SOURCE -D_DEFAULT_SOURCE -D_DARWIN_C_SOURCE conftest.c >&5
conftest.c:29:4: error: use of undeclared identifier 'not'
                 not big endian
                 ^
1 error generated.
configure:10003: $? = 1
configure: failed program was:
| /* confdefs.h */
| #define PACKAGE_NAME ""
| #define PACKAGE_TARNAME ""
| #define PACKAGE_VERSION ""
| #define PACKAGE_STRING ""
| #define PACKAGE_BUGREPORT ""
| #define PACKAGE_URL ""
| #define HAVE_TYPEOF 1
| #define HAVE_STDIO_H 1
| #define HAVE_STDLIB_H 1
| #define HAVE_STRING_H 1
| #define HAVE_INTTYPES_H 1
| #define HAVE_STDINT_H 1
| #define HAVE_STRINGS_H 1
| #define HAVE_SYS_STAT_H 1
| #define HAVE_SYS_TYPES_H 1
| #define HAVE_UNISTD_H 1
| #define STDC_HEADERS 1
| #define HAVE__BOOL 1
| #define HAVE_STDBOOL_H 1
| /* end confdefs.h.  */
| #include <sys/types.h>
| 		#include <sys/param.h>
| 
| int
| main (void)
| {
| #if BYTE_ORDER != BIG_ENDIAN
| 		 not big endian
| 		#endif
| 
|   ;
|   return 0;
| }
configure:10144: result: no
configure:10165: checking for strnlen
configure:10185: cc -c -g -O2  -D_XOPEN_SOURCE=700 -D_BSD_SOURCE -D_DEFAULT_SOURCE -D_DARWIN_C_SOURCE conftest.c >&5
conftest.c:24:5: error: conflicting types for 'strnlen'
int strnlen () { return 0; }
    ^
/Library/Developer/CommandLineTools/SDKs/MacOSX.sdk/usr/include/string.h:133:10: note: previous declaration is here
size_t   strnlen(const char *__s1, size_t __n) __OSX_AVAILABLE_STARTING(__MAC_10_7, __IPHONE_4_3);
         ^
1 error generated.
configure:10185: $? = 1
configure: failed program was:
| /* confdefs.h */
| #define PACKAGE_NAME ""
| #define PACKAGE_TARNAME ""
| #define PACKAGE_VERSION ""
| #define PACKAGE_STRING ""
| #define PACKAGE_BUGREPORT ""
| #define PACKAGE_URL ""
| #define HAVE_TYPEOF 1
| #define HAVE_STDIO_H 1
| #define HAVE_STDLIB_H 1
| #define HAVE_STRING_H 1
| #define HAVE_INTTYPES_H 1
| #define HAVE_STDINT_H 1
| #define HAVE_STRINGS_H 1
| #define HAVE_SYS_STAT_H 1
| #define HAVE_SYS_TYPES_H 1
| #define HAVE_UNISTD_H 1
| #define STDC_HEADERS 1
| #define HAVE__BOOL 1
| #define HAVE_STDBOOL_H 1
| /* end confdefs.h.  */
| 
| #include <string.h>
| int strnlen () { return 0; }
| 
| int
| main (void)
| {
| 
|   ;
|   return 0;
| }
configure:10195: result: yes
configure:10205: checking for snprintf
configure:10205: cc -o conftest -g -O2  -D_XOPEN_SOURCE=700 -D_BSD_SOURCE -D_DEFAULT_SOURCE -D_DARWIN_C_SOURCE  conftest.c  >&5
conftest.c:38:6: warning: incompatible redeclaration of library function 'snprintf' [-Wincompatible-library-redeclaration]
char snprintf (void);
     ^
conftest.c:38:6: note: 'snprintf' is a builtin with type 'int (char *, unsigned long, const char *, ...)'
1 warning generated.
configure:10205: $? = 0
configure:10205: result: yes
configure:10216: checking for strlcpy
configure:10216: cc -o conftest -g -O2  -D_XOPEN_SOURCE=700 -D_BSD_SOURCE -D_DEFAULT_SOURCE -D_DARWIN_C_SOURCE  conftest.c  >&5
conftest.c:38:6: warning: incompatible redeclaration of library function 'strlcpy' [-Wincompatible-library-redeclaration]
char strlcpy (void);
     ^
conftest.c:38:6: note: 'strlcpy' is a builtin with type 'unsigned long (char *, const char *, unsigned long)'
1 warning generated.
configure:10216: $? = 0
configure:10216: result: yes
configure:10227: checking for struct timespec
configure:10227: cc -c -g -O2  -D_XOPEN_SOURCE=700 -D_BSD_SOURCE -D_DEFAULT_SOURCE -D_DARWIN_C_SOURCE conftest.c >&5
configure:10227: $? = 0
configure:10227: cc -c -g -O2  -D_XOPEN_SOURCE=700 -D_BSD_SOURCE -D_DEFAULT_SOURCE -D_DARWIN_C_SOURCE conftest.c >&5
conftest.c:27:30: error: expected expression
if (sizeof ((struct timespec)))
                             ^
1 error generated.
configure:10227: $? = 1
configure: failed program was:
| /* confdefs.h */
| #define PACKAGE_NAME ""
| #define PACKAGE_TARNAME ""
| #define PACKAGE_VERSION ""
| #define PACKAGE_STRING ""
| #define PACKAGE_BUGREPORT ""
| #define PACKAGE_URL ""
| #define HAVE_TYPEOF 1
| #define HAVE_STDIO_H 1
| #define HAVE_STDLIB_H 1
| #define HAVE_STRING_H 1
| #define HAVE_INTTYPES_H 1
| #define HAVE_STDINT_H 1
| #define HAVE_STRINGS_H 1
| #define HAVE_SYS_STAT_H 1
| #define HAVE_SYS_TYPES_H 1
| #define HAVE_UNISTD_H 1
| #define STDC_HEADERS 1
| #define HAVE__BOOL 1
| #define HAVE_STDBOOL_H 1
| /* end confdefs.h.  */
| #include <time.h>
| 
| int
| main (void)
| {
| if (sizeof ((struct timespec)))
| 	    return 0;
|   ;
|   return 0;
| }
configure:10227: result: yes
configure:10239: checking for library containing clock_gettime
configure:10275: cc -o conftest -g -O2  -D_XOPEN_SOURCE=700 -D_BSD_SOURCE -D_DEFAULT_SOURCE -D_DARWIN_C_SOURCE  conftest.c  >&5
configure:10275: $? = 0
configure:10297: result: none required
configure:10308: checking for library containing floor
configure:10344: cc -o conftest -g -O2  -D_XOPEN_SOURCE=700 -D_BSD_SOURCE -D_DEFAULT_SOURCE -D_DARWIN_C_SOURCE  conftest.c  >&5
conftest.c:32:6: warning: incompatible redeclaration of library function 'floor' [-Wincompatible-library-redeclaration]
char floor (void);
     ^
conftest.c:32:6: note: 'floor' is a builtin with type 'double (double)'
1 warning generated.
configure:10344: $? = 0
configure:10366: result: none required
configure:10379: checking for gmtime_r
configure:10379: cc -o conftest -g -O2  -D_XOPEN_SOURCE=700 -D_BSD_SOURCE -D_DEFAULT_SOURCE -D_DARWIN_C_SOURCE  conftest.c  >&5
configure:10379: $? = 0
configure:10379: result: yes
configure:10390: checking for rand_r
configure:10390: cc -o conftest -g -O2  -D_XOPEN_SOURCE=700 -D_BSD_SOURCE -D_DEFAULT_SOURCE -D_DARWIN_C_SOURCE  conftest.c  >&5
configure:10390: $? = 0
configure:10390: result: yes
configure:10567: checking whether cc is Clang
configure:10595: result: yes
configure:10661: checking whether pthreads work with "-pthread" and "-lpthread"
configure:10773: cc -o conftest -g -O2 -pthread  -D_XOPEN_SOURCE=700 -D_BSD_SOURCE -D_DEFAULT_SOURCE -D_DARWIN_C_SOURCE  conftest.c -lpthread  >&5
configure:10773: $? = 0
configure:10783: result: yes
configure:10832: checking whether Clang needs flag to prevent "argument unused" warning when linking with -pthread
configure:10859: cc -o conftest -Werror -Wunknown-warning-option  -pthread -g -O2  -D_XOPEN_SOURCE=700 -D_BSD_SOURCE -D_DEFAULT_SOURCE -D_DARWIN_C_SOURCE  conftest.c  >&5
configure:10859: $? = 0
configure:10866: (cc -c -Werror -Wunknown-warning-option  -pthread -g -O2  -D_XOPEN_SOURCE=700 -D_BSD_SOURCE -D_DEFAULT_SOURCE -D_DARWIN_C_SOURCE conftest.c >&5) && (echo ==== >&5) && (cc -o conftest -Werror -Wunknown-warning-option  -pthread -g -O2  -D_XOPEN_SOURCE=700 -D_BSD_SOURCE -D_DEFAULT_SOURCE -D_DARWIN_C_SOURCE  conftest.o  >&5)
====
configure:10866: $? = 0
configure:10887: result: no
configure:10907: checking for joinable pthread attribute
configure:10926: cc -o conftest -g -O2 -pthread  -D_XOPEN_SOURCE=700 -D_BSD_SOURCE -D_DEFAULT_SOURCE -D_DARWIN_C_SOURCE  conftest.c -lpthread  >&5
configure:10926: $? = 0
configure:10936: result: PTHREAD_CREATE_JOINABLE
configure:10949: checking whether more special flags are required for pthreads
configure:10964: result: no
configure:10973: checking for PTHREAD_PRIO_INHERIT
configure:10991: cc -o conftest -g -O2 -pthread  -D_XOPEN_SOURCE=700 -D_BSD_SOURCE -D_DEFAULT_SOURCE -D_DARWIN_C_SOURCE  conftest.c -lpthread  >&5
configure:10991: $? = 0
configure:11003: result: yes
configure:11413: checking for aligned_alloc
configure:11413: cc -o conftest -g -O2  -D_XOPEN_SOURCE=700 -D_BSD_SOURCE -D_DEFAULT_SOURCE -D_DARWIN_C_SOURCE  conftest.c  >&5
conftest.c:39:6: warning: incompatible redeclaration of library function 'aligned_alloc' [-Wincompatible-library-redeclaration]
char aligned_alloc (void);
     ^
conftest.c:39:6: note: 'aligned_alloc' is a builtin with type 'void *(unsigned long, unsigned long)'
1 warning generated.
configure:11413: $? = 0
configure:11413: result: yes
configure:11439: checking whether to enable Snappy for compression
configure:11456: result: auto
configure:11478: checking whether to enable zlib for compression
configure:11495: result: auto
configure:11522: checking whether to enable zstd for compression
configure:11539: result: auto
configure:11568: checking for snappy
configure:11575: $PKG_CONFIG --exists --print-errors "snappy"
Package snappy was not found in the pkg-config search path.
Perhaps you should add the directory containing `snappy.pc'
to the PKG_CONFIG_PATH environment variable
Package 'snappy' not found
configure:11578: $? = 1
configure:11592: $PKG_CONFIG --exists --print-errors "snappy"
Package snappy was not found in the pkg-config search path.
Perhaps you should add the directory containing `snappy.pc'
to the PKG_CONFIG_PATH environment variable
Package 'snappy' not found
configure:11595: $? = 1
configure:11609: result: no
Package 'snappy' not found
configure:11744: checking for snappy_uncompress in -lsnappy
configure:11773: cc -o conftest -g -O2  -D_XOPEN_SOURCE=700 -D_BSD_SOURCE -D_DEFAULT_SOURCE -D_DARWIN_C_SOURCE  conftest.c -lsnappy   >&5
ld: library not found for -lsnappy
clang: error: linker command failed with exit code 1 (use -v to see invocation)
configure:11773: $? = 1
configure: failed program was:
| /* confdefs.h */
| #define PACKAGE_NAME ""
| #define PACKAGE_TARNAME ""
| #define PACKAGE_VERSION ""
| #define PACKAGE_STRING ""
| #define PACKAGE_BUGREPORT ""
| #define PACKAGE_URL ""
| #define HAVE_TYPEOF 1
| #define HAVE_STDIO_H 1
| #define HAVE_STDLIB_H 1
| #define HAVE_STRING_H 1
| #define HAVE_INTTYPES_H 1
| #define HAVE_STDINT_H 1
| #define HAVE_STRINGS_H 1
| #define HAVE_SYS_STAT_H 1
| #define HAVE_SYS_TYPES_H 1
| #define HAVE_UNISTD_H 1
| #define STDC_HEADERS 1
| #define HAVE__BOOL 1
| #define HAVE_STDBOOL_H 1
| #define HAVE_PTHREAD_PRIO_INHERIT 1
| /* end confdefs.h.  */
| 
| /* Override any GCC internal prototype to avoid an error.
|    Use char because int might match the return type of a GCC
|    builtin and then its argument prototype would still apply.
|    The 'extern "C"' is for builds by C++ compilers;
|    although this is not generally supported in C code supporting it here
|    has little cost and some practical benefit (sr 110532).  */
| #ifdef __cplusplus
| extern "C"
| #endif
| char snappy_uncompress (void);
| int
| main (void)
| {
| return snappy_uncompress ();
|   ;
|   return 0;
| }
configure:11785: result: no
configure:11805: checking for snappy-c.h
configure:11805: cc -c -g -O2  -D_XOPEN_SOURCE=700 -D_BSD_SOURCE -D_DEFAULT_SOURCE -D_DARWIN_C_SOURCE conftest.c >&5
conftest.c:51:10: fatal error: 'snappy-c.h' file not found
#include <snappy-c.h>
         ^~~~~~~~~~~~
1 error generated.
configure:11805: $? = 1
configure: failed program was:
| /* confdefs.h */
| #define PACKAGE_NAME ""
| #define PACKAGE_TARNAME ""
| #define PACKAGE_VERSION ""
| #define PACKAGE_STRING ""
| #define PACKAGE_BUGREPORT ""
| #define PACKAGE_URL ""
| #define HAVE_TYPEOF 1
| #define HAVE_STDIO_H 1
| #define HAVE_STDLIB_H 1
| #define HAVE_STRING_H 1
| #define HAVE_INTTYPES_H 1
| #define HAVE_STDINT_H 1
| #define HAVE_STRINGS_H 1
| #define HAVE_SYS_STAT_H 1
| #define HAVE_SYS_TYPES_H 1
| #define HAVE_UNISTD_H 1
| #define STDC_HEADERS 1
| #define HAVE__BOOL 1
| #define HAVE_STDBOOL_H 1
| #define HAVE_PTHREAD_PRIO_INHERIT 1
| /* end confdefs.h.  */
| #include <stddef.h>
| #ifdef HAVE_STDIO_H
| # include <stdio.h>
| #endif
| #ifdef HAVE_STDLIB_H
| # include <stdlib.h>
| #endif
| #ifdef HAVE_STRING_H
| # include <string.h>
| #endif
| #ifdef HAVE_INTTYPES_H
| # include <inttypes.h>
| #endif
| #ifdef HAVE_STDINT_H
| # include <stdint.h>
| #endif
| #ifdef HAVE_STRINGS_H
| # include <strings.h>
| #endif
| #ifdef HAVE_SYS_TYPES_H
| # include <sys/types.h>
| #endif
| #ifdef HAVE_SYS_STAT_H
| # include <sys/stat.h>
| #endif
| #ifdef HAVE_UNISTD_H
| # include <unistd.h>
| #endif
| #include <snappy-c.h>
configure:11805: result: no
configure:12196: checking for zlib
configure:12203: $PKG_CONFIG --exists --print-errors "zlib"
configure:12206: $? = 0
configure:12220: $PKG_CONFIG --exists --print-errors "zlib"
configure:12223: $? = 0
configure:12693: result: yes
configure:12843: checking for libzstd
configure:12850: $PKG_CONFIG --exists --print-errors "libzstd"
configure:12853: $? = 0
configure:12867: $PKG_CONFIG --exists --print-errors "libzstd"
configure:12870: $? = 0
configure:13340: result: yes
configure:13519: checking for res_nsearch
configure:13543: cc -o conftest -g -O2  -D_XOPEN_SOURCE=700 -D_BSD_SOURCE -D_DEFAULT_SOURCE -D_DARWIN_C_SOURCE  conftest.c  -lresolv >&5
configure:13543: $? = 0
configure:13546: result: yes
configure:13555: checking for res_ndestroy
configure:13576: cc -o conftest -g -O2  -D_XOPEN_SOURCE=700 -D_BSD_SOURCE -D_DEFAULT_SOURCE -D_DARWIN_C_SOURCE  conftest.c  -lresolv >&5
configure:13576: $? = 0
configure:13579: result: yes
configure:13742: checking whether to enable SASL for Kerberos authentication
configure:13759: result: auto
configure:13790: checking for libsasl2
configure:13797: $PKG_CONFIG --exists --print-errors "libsasl2"
Package libsasl2 was not found in the pkg-config search path.
Perhaps you should add the directory containing `libsasl2.pc'
to the PKG_CONFIG_PATH environment variable
Package 'libsasl2' not found
configure:13800: $? = 1
configure:13814: $PKG_CONFIG --exists --print-errors "libsasl2"
Package libsasl2 was not found in the pkg-config search path.
Perhaps you should add the directory containing `libsasl2.pc'
to the PKG_CONFIG_PATH environment variable
Package 'libsasl2' not found
configure:13817: $? = 1
configure:13831: result: no
Package 'libsasl2' not found
configure:13966: checking for sasl_client_init in -lsasl2
configure:13995: cc -o conftest -g -O2  -D_XOPEN_SOURCE=700 -D_BSD_SOURCE -D_DEFAULT_SOURCE -D_DARWIN_C_SOURCE  conftest.c -lsasl2   >&5
configure:13995: $? = 0
configure:14007: result: yes
configure:14027: checking for sasl/sasl.h
configure:14027: cc -c -g -O2  -D_XOPEN_SOURCE=700 -D_BSD_SOURCE -D_DEFAULT_SOURCE -D_DARWIN_C_SOURCE conftest.c >&5
configure:14027: $? = 0
configure:14027: result: yes
configure:14529: checking for sasl_client_done in -lsasl2
configure:14558: cc -o conftest -g -O2  -D_XOPEN_SOURCE=700 -D_BSD_SOURCE -D_DEFAULT_SOURCE -D_DARWIN_C_SOURCE -Wl,-rpath,/usr/local/opt/zstd/lib -L/usr/local/opt/zstd/lib  -lsasl2 -lresolv -lpthread -pthread -lz -lzstd conftest.c -lsasl2   >&5
configure:14558: $? = 0
configure:14570: result: yes
configure:14601: checking which SASL library to use
configure:14603: result: cyrus
configure:14633: checking whether to enable crypto and TLS
configure:14650: result: auto
configure:14686: checking for cc options to detect undeclared functions
configure:14708: cc -c -g -O2   -D_XOPEN_SOURCE=700 -D_BSD_SOURCE -D_DEFAULT_SOURCE -D_DARWIN_C_SOURCE conftest.c >&5
conftest.c:27:8: error: implicitly declaring library function 'strchr' with type 'char *(const char *, int)' [-Werror,-Wimplicit-function-declaration]
(void) strchr;
       ^
conftest.c:27:8: note: include the header <string.h> or explicitly provide a declaration for 'strchr'
1 error generated.
configure:14708: $? = 1
configure: failed program was:
| /* confdefs.h */
| #define PACKAGE_NAME ""
| #define PACKAGE_TARNAME ""
| #define PACKAGE_VERSION ""
| #define PACKAGE_STRING ""
| #define PACKAGE_BUGREPORT ""
| #define PACKAGE_URL ""
| #define HAVE_TYPEOF 1
| #define HAVE_STDIO_H 1
| #define HAVE_STDLIB_H 1
| #define HAVE_STRING_H 1
| #define HAVE_INTTYPES_H 1
| #define HAVE_STDINT_H 1
| #define HAVE_STRINGS_H 1
| #define HAVE_SYS_STAT_H 1
| #define HAVE_SYS_TYPES_H 1
| #define HAVE_UNISTD_H 1
| #define STDC_HEADERS 1
| #define HAVE__BOOL 1
| #define HAVE_STDBOOL_H 1
| #define HAVE_PTHREAD_PRIO_INHERIT 1
| /* end confdefs.h.  */
| 
| int
| main (void)
| {
| (void) strchr;
|   ;
|   return 0;
| }
configure:14735: cc -c -g -O2   -D_XOPEN_SOURCE=700 -D_BSD_SOURCE -D_DEFAULT_SOURCE -D_DARWIN_C_SOURCE conftest.c >&5
configure:14735: $? = 0
configure:14755: result: none needed
configure:14769: checking for cc options to ignore future-version functions
configure:14791: cc -c -g -O2  -D_XOPEN_SOURCE=700 -D_BSD_SOURCE -D_DEFAULT_SOURCE -D_DARWIN_C_SOURCE conftest.c >&5 -Werror=unguarded-availability-new
configure:14791: $? = 0
configure:14803: result: -Werror=unguarded-availability-new
configure:14819: checking for openssl >= 1.0.1
configure:14826: $PKG_CONFIG --exists --print-errors "openssl >= 1.0.1"
configure:14829: $? = 0
configure:14843: $PKG_CONFIG --exists --print-errors "openssl >= 1.0.1"
configure:14846: $? = 0
configure:16316: result: yes
configure:16438: checking whether ASN1_STRING_get0_data is declared
configure:16438: cc -c -I/usr/local/Cellar/openssl@3/3.6.2/include -g -O2 -Werror=unguarded-availability-new  -D_XOPEN_SOURCE=700 -D_BSD_SOURCE -D_DEFAULT_SOURCE -D_DARWIN_C_SOURCE conftest.c >&5
configure:16438: $? = 0
configure:16438: result: yes
configure:16529: checking which TLS library to use
configure:16531: result: openssl
configure:16595: checking whether to use system crypto profile
configure:16611: result: no
configure:16645: checking whether to use bundled or system utf8proc for SCRAM-SHA-256 SASLprep
configure:16662: result: bundled
configure:17320: checking whether byte ordering is bigendian
configure:17542: result: no
configure:17562: checking for shm_open
configure:17562: cc -o conftest -g -O2  -D_XOPEN_SOURCE=700 -D_BSD_SOURCE -D_DEFAULT_SOURCE -D_DARWIN_C_SOURCE  conftest.c  >&5
configure:17562: $? = 0
configure:17562: result: yes
configure:17646: checking for sched_getcpu
configure:17646: cc -o conftest -g -O2  -D_XOPEN_SOURCE=700 -D_BSD_SOURCE -D_DEFAULT_SOURCE -D_DARWIN_C_SOURCE  conftest.c  >&5
Undefined symbols for architecture x86_64:
  "_sched_getcpu", referenced from:
      _main in conftest-0f1fc7.o
ld: symbol(s) not found for architecture x86_64
clang: error: linker command failed with exit code 1 (use -v to see invocation)
configure:17646: $? = 1
configure: failed program was:
| /* confdefs.h */
| #define PACKAGE_NAME ""
| #define PACKAGE_TARNAME ""
| #define PACKAGE_VERSION ""
| #define PACKAGE_STRING ""
| #define PACKAGE_BUGREPORT ""
| #define PACKAGE_URL ""
| #define HAVE_TYPEOF 1
| #define HAVE_STDIO_H 1
| #define HAVE_STDLIB_H 1
| #define HAVE_STRING_H 1
| #define HAVE_INTTYPES_H 1
| #define HAVE_STDINT_H 1
| #define HAVE_STRINGS_H 1
| #define HAVE_SYS_STAT_H 1
| #define HAVE_SYS_TYPES_H 1
| #define HAVE_UNISTD_H 1
| #define STDC_HEADERS 1
| #define HAVE__BOOL 1
| #define HAVE_STDBOOL_H 1
| #define HAVE_PTHREAD_PRIO_INHERIT 1
| #define HAVE_DECL_ASN1_STRING_GET0_DATA 1
| #define HAVE_SHM_OPEN 1
| /* end confdefs.h.  */
| /* Define sched_getcpu to an innocuous variant, in case <limits.h> declares sched_getcpu.
|    For example, HP-UX 11i <limits.h> declares gettimeofday.  */
| #define sched_getcpu innocuous_sched_getcpu
| 
| /* System header to define __stub macros and hopefully few prototypes,
|    which can conflict with char sched_getcpu (void); below.  */
| 
| #include <limits.h>
| #undef sched_getcpu
| 
| /* Override any GCC internal prototype to avoid an error.
|    Use char because int might match the return type of a GCC
|    builtin and then its argument prototype would still apply.  */
| #ifdef __cplusplus
| extern "C"
| #endif
| char sched_getcpu (void);
| /* The GNU C library defines this for functions which it implements
|     to always fail with ENOSYS.  Some functions are actually named
|     something starting with __ and the normal name is an alias.  */
| #if defined __stub_sched_getcpu || defined __stub___sched_getcpu
| choke me
| #endif
| 
| int
| main (void)
| {
| return sched_getcpu ();
|   ;
|   return 0;
| }
configure:17646: result: no
configure:17658: checking for socklen_t
configure:17658: cc -c -g -O2  -D_XOPEN_SOURCE=700 -D_BSD_SOURCE -D_DEFAULT_SOURCE -D_DARWIN_C_SOURCE conftest.c >&5
configure:17658: $? = 0
configure:17658: cc -c -g -O2  -D_XOPEN_SOURCE=700 -D_BSD_SOURCE -D_DEFAULT_SOURCE -D_DARWIN_C_SOURCE conftest.c >&5
conftest.c:30:24: error: expected expression
if (sizeof ((socklen_t)))
                       ^
1 error generated.
configure:17658: $? = 1
configure: failed program was:
| /* confdefs.h */
| #define PACKAGE_NAME ""
| #define PACKAGE_TARNAME ""
| #define PACKAGE_VERSION ""
| #define PACKAGE_STRING ""
| #define PACKAGE_BUGREPORT ""
| #define PACKAGE_URL ""
| #define HAVE_TYPEOF 1
| #define HAVE_STDIO_H 1
| #define HAVE_STDLIB_H 1
| #define HAVE_STRING_H 1
| #define HAVE_INTTYPES_H 1
| #define HAVE_STDINT_H 1
| #define HAVE_STRINGS_H 1
| #define HAVE_SYS_STAT_H 1
| #define HAVE_SYS_TYPES_H 1
| #define HAVE_UNISTD_H 1
| #define STDC_HEADERS 1
| #define HAVE__BOOL 1
| #define HAVE_STDBOOL_H 1
| #define HAVE_PTHREAD_PRIO_INHERIT 1
| #define HAVE_DECL_ASN1_STRING_GET0_DATA 1
| #define HAVE_SHM_OPEN 1
| /* end confdefs.h.  */
| #include <sys/socket.h>
| 
| int
| main (void)
| {
| if (sizeof ((socklen_t)))
| 	    return 0;
|   ;
|   return 0;
| }
configure:17658: result: yes
configure:17671: checking for struct sockaddr_storage.ss_family
configure:17671: cc -c -g -O2  -D_XOPEN_SOURCE=700 -D_BSD_SOURCE -D_DEFAULT_SOURCE -D_DARWIN_C_SOURCE conftest.c >&5
configure:17671: $? = 0
configure:17671: result: yes
configure:17710: checking accept ARG2 => struct sockaddr ARG3 => socklen_t 
configure:17734: cc -c -g -O2  -D_XOPEN_SOURCE=700 -D_BSD_SOURCE -D_DEFAULT_SOURCE -D_DARWIN_C_SOURCE -Werror -Wno-unused-variable conftest.c >&5
configure:17734: $? = 0
configure:17738: result: ok
configure:18443: checking for pthread_join using cc -pthread -lpthread
configure:18466: cc -o conftest -g -O2 -pthread  -D_XOPEN_SOURCE=700 -D_BSD_SOURCE -D_DEFAULT_SOURCE -D_DARWIN_C_SOURCE  conftest.c -lpthread  >&5
conftest.c:26:9: warning: 'ACCEPT_ARG2' macro redefined [-Wmacro-redefined]
#define ACCEPT_ARG2 struct sockaddr
        ^
conftest.c:24:9: note: previous definition is here
#define ACCEPT_ARG2 /**/
        ^
conftest.c:27:9: warning: 'ACCEPT_ARG3' macro redefined [-Wmacro-redefined]
#define ACCEPT_ARG3 socklen_t
        ^
conftest.c:25:9: note: previous definition is here
#define ACCEPT_ARG3 /**/
        ^
2 warnings generated.
configure:18466: $? = 0
configure:18472: result: yes
configure:18576: checking whether cc is Clang
configure:18604: result: yes
configure:18841: checking whether Clang needs flag to prevent "argument unused" warning when linking with -pthread
configure:18896: result: no
configure:18916: checking for joinable pthread attribute
configure:18945: result: PTHREAD_CREATE_JOINABLE
configure:18958: checking whether more special flags are required for pthreads
configure:18973: result: no
configure:18982: checking for PTHREAD_PRIO_INHERIT
configure:19012: result: yes
configure:19439: checking which crypto library to use for libmongocrypt
configure:19441: result: openssl
configure:19475: checking whether byte ordering is bigendian
configure:19697: result: no
configure:22335: result: 
configure:22337: result: Configuring libtool
configure:22425: checking for a sed that does not truncate output
configure:22481: result: /usr/bin/sed
configure:22497: checking for ld used by cc
configure:22566: result: /Library/Developer/CommandLineTools/usr/bin/ld
configure:22573: checking if the linker (/Library/Developer/CommandLineTools/usr/bin/ld) is GNU ld
configure:22590: result: no
configure:22595: checking for /Library/Developer/CommandLineTools/usr/bin/ld option to reload object files
configure:22604: result: -r
configure:22622: checking for BSD-compatible nm
configure:22673: result: /usr/bin/nm -B
configure:22677: checking whether ln -s works
configure:22681: result: yes
configure:22688: checking how to recognize dependent libraries
configure:22876: result: pass_all
configure:23097: checking for dlfcn.h
configure:23097: cc -c -g -O2  conftest.c >&5
conftest.c:26:9: warning: 'ACCEPT_ARG2' macro redefined [-Wmacro-redefined]
#define ACCEPT_ARG2 struct sockaddr
        ^
conftest.c:24:9: note: previous definition is here
#define ACCEPT_ARG2 /**/
        ^
conftest.c:27:9: warning: 'ACCEPT_ARG3' macro redefined [-Wmacro-redefined]
#define ACCEPT_ARG3 socklen_t
        ^
conftest.c:25:9: note: previous definition is here
#define ACCEPT_ARG3 /**/
        ^
2 warnings generated.
configure:23097: $? = 0
configure:23097: result: yes
configure:23115: checking the maximum length of command line arguments
configure:23229: result: 786432
configure:23241: checking command to parse /usr/bin/nm -B output from cc object
configure:23347: cc -c -g -O2  conftest.c >&5
configure:23350: $? = 0
configure:23354: /usr/bin/nm -B conftest.o \| sed -n -e 's/^.*[ 	]\([ABCDGIRSTW][ABCDGIRSTW]*\)[ 	][ 	]*\([_A-Za-z][_A-Za-z0-9]*\)$/\1 \2 \2/p' \> conftest.nm
configure:23357: $? = 0
cannot find nm_test_var in conftest.nm
configure:23347: cc -c -g -O2  conftest.c >&5
configure:23350: $? = 0
configure:23354: /usr/bin/nm -B conftest.o \| sed -n -e 's/^.*[ 	]\([ABCDGIRSTW][ABCDGIRSTW]*\)[ 	][ 	]*_\([_A-Za-z][_A-Za-z0-9]*\)$/\1 _\2 \2/p' \> conftest.nm
configure:23357: $? = 0
configure:23409: cc -o conftest -g -O2   conftest.c conftstm.o >&5
warning: (x86_64)  could not find object file symbol for symbol _main
configure:23412: $? = 0
configure:23451: result: ok
configure:23455: checking for objdir
configure:23472: result: .libs
configure:23570: checking for ar
configure:23591: found /usr/bin/ar
configure:23603: result: ar
configure:23674: checking for ranlib
configure:23695: found /usr/bin/ranlib
configure:23707: result: ranlib
configure:23778: checking for strip
configure:23799: found /usr/bin/strip
configure:23811: result: strip
configure:24074: checking for dsymutil
configure:24095: found /usr/bin/dsymutil
configure:24107: result: dsymutil
configure:24178: checking for nmedit
configure:24199: found /usr/bin/nmedit
configure:24211: result: nmedit
configure:24234: checking for -single_module linker flag
configure:24257: result: yes
configure:24259: checking for -exported_symbols_list linker flag
configure:24276: cc -o conftest -g -O2   -Wl,-exported_symbols_list,conftest.sym conftest.c  >&5
In file included from configure:24271:
./confdefs.h:26:9: warning: 'ACCEPT_ARG2' macro redefined [-Wmacro-redefined]
#define ACCEPT_ARG2 struct sockaddr
        ^
./confdefs.h:24:9: note: previous definition is here
#define ACCEPT_ARG2 /**/
        ^
./confdefs.h:27:9: warning: 'ACCEPT_ARG3' macro redefined [-Wmacro-redefined]
#define ACCEPT_ARG3 socklen_t
        ^
./confdefs.h:25:9: note: previous definition is here
#define ACCEPT_ARG3 /**/
        ^
2 warnings generated.
configure:24279: $? = 0
configure:24294: result: yes
configure:24414: checking if cc supports -fno-rtti -fno-exceptions
configure:24433: cc -c -g -O2  -fno-rtti -fno-exceptions conftest.c >&5
configure:24437: $? = 0
configure:24451: result: yes
configure:24466: checking for cc option to produce PIC
configure:24706: result: -fno-common
configure:24714: checking if cc PIC flag -fno-common works
configure:24733: cc -c -g -O2  -fno-common -DPIC conftest.c >&5
configure:24737: $? = 0
configure:24751: result: yes
configure:24779: checking if cc static flag -static works
configure:24809: result: no
configure:24819: checking if cc supports -c -o file.o
configure:24841: cc -c -g -O2  -o out/conftest2.o conftest.c >&5
configure:24845: $? = 0
configure:24868: result: yes
configure:24894: checking whether the cc linker (/Library/Developer/CommandLineTools/usr/bin/ld) supports shared libraries
configure:25822: result: yes
configure:25889: checking dynamic linker characteristics
configure:26498: result: darwin21.6.0 dyld
configure:26526: checking how to hardcode library paths into programs
configure:26551: result: immediate
configure:26565: checking whether stripping libraries is possible
configure:26579: result: yes
configure:27133: checking if libtool supports shared libraries
configure:27135: result: yes
configure:27138: checking whether to build shared libraries
configure:27159: result: yes
configure:27162: checking whether to build static libraries
configure:27166: result: no
configure:27260: result:
creating libtool
configure:27854: checking for ld used by g++
configure:27923: result: /Library/Developer/CommandLineTools/usr/bin/ld
configure:27930: checking if the linker (/Library/Developer/CommandLineTools/usr/bin/ld) is GNU ld
configure:27947: result: no
configure:27998: checking whether the g++ linker (/Library/Developer/CommandLineTools/usr/bin/ld) supports shared libraries
configure:28896: result: yes
configure:28917: g++ -c   conftest.cpp >&5
configure:28920: $? = 0
configure:29076: checking for g++ option to produce PIC
configure:29366: result: -fno-common
configure:29374: checking if g++ PIC flag -fno-common works
configure:29393: g++ -c   -fno-common -DPIC conftest.cpp >&5
configure:29397: $? = 0
configure:29411: result: yes
configure:29439: checking if g++ static flag -static works
configure:29469: result: no
configure:29479: checking if g++ supports -c -o file.o
configure:29501: g++ -c   -o out/conftest2.o conftest.cpp >&5
configure:29505: $? = 0
configure:29528: result: yes
configure:29554: checking whether the g++ linker (/Library/Developer/CommandLineTools/usr/bin/ld) supports shared libraries
configure:29580: result: yes
configure:29647: checking dynamic linker characteristics
configure:30204: result: darwin21.6.0 dyld
configure:30232: checking how to hardcode library paths into programs
configure:30257: result: immediate
configure:30904: result: 
configure:30906: result: Generating files
configure:30994: creating build directories
configure:30999: creating Makefile
configure:31015: patching config.h.in
configure:31034: creating ./config.status

## ---------------------- ##
## Running config.status. ##
## ---------------------- ##

This file was extended by config.status, which was
generated by GNU Autoconf 2.73.  Invocation command line was

  CONFIG_FILES    = 
  CONFIG_HEADERS  = 
  CONFIG_LINKS    = 
  CONFIG_COMMANDS = 
  $ ./config.status 

on Apples-MacBook-Air.local

config.status:927: creating ./src/libmongoc/src/common/src/common-config.h
config.status:927: creating ./src/libmongoc/src/libbson/src/bson/config.h
config.status:927: creating ./src/libmongoc/src/libbson/src/bson/version.h
config.status:927: creating ./src/libmongoc/src/libmongoc/src/mongoc/mongoc-config.h
config.status:927: creating ./src/libmongoc/src/libmongoc/src/mongoc/mongoc-config-private.h
config.status:927: creating ./src/libmongoc/src/libmongoc/src/mongoc/mongoc-version.h
config.status:927: creating ./src/libmongocrypt/src/mongocrypt-config.h
config.status:927: creating config.h

## ---------------- ##
## Cache variables. ##
## ---------------- ##

ac_cv_build=x86_64-apple-darwin21.6.0
ac_cv_c_bigendian=no
ac_cv_c_compiler_gnu=yes
ac_cv_c_const=yes
ac_cv_c_future_darwin_options=-Werror=unguarded-availability-new
ac_cv_c_inline=inline
ac_cv_c_typeof=typeof
ac_cv_c_undeclared_builtin_options='none needed'
ac_cv_cxx_compiler_gnu=yes
ac_cv_env_CCC_set=
ac_cv_env_CCC_value=
ac_cv_env_CC_set=
ac_cv_env_CC_value=
ac_cv_env_CFLAGS_set=
ac_cv_env_CFLAGS_value=
ac_cv_env_CPPFLAGS_set=
ac_cv_env_CPPFLAGS_value=
ac_cv_env_CPP_set=
ac_cv_env_CPP_value=
ac_cv_env_CXXFLAGS_set=
ac_cv_env_CXXFLAGS_value=
ac_cv_env_CXX_set=
ac_cv_env_CXX_value=
ac_cv_env_LDFLAGS_set=
ac_cv_env_LDFLAGS_value=
ac_cv_env_LIBS_set=
ac_cv_env_LIBS_value=
ac_cv_env_PHP_MONGODB_BSON_CFLAGS_set=
ac_cv_env_PHP_MONGODB_BSON_CFLAGS_value=
ac_cv_env_PHP_MONGODB_BSON_LIBS_set=
ac_cv_env_PHP_MONGODB_BSON_LIBS_value=
ac_cv_env_PHP_MONGODB_MONGOCRYPT_CFLAGS_set=
ac_cv_env_PHP_MONGODB_MONGOCRYPT_CFLAGS_value=
ac_cv_env_PHP_MONGODB_MONGOCRYPT_LIBS_set=
ac_cv_env_PHP_MONGODB_MONGOCRYPT_LIBS_value=
ac_cv_env_PHP_MONGODB_MONGOC_CFLAGS_set=
ac_cv_env_PHP_MONGODB_MONGOC_CFLAGS_value=
ac_cv_env_PHP_MONGODB_MONGOC_LIBS_set=
ac_cv_env_PHP_MONGODB_MONGOC_LIBS_value=
ac_cv_env_PHP_MONGODB_SASL_CFLAGS_set=
ac_cv_env_PHP_MONGODB_SASL_CFLAGS_value=
ac_cv_env_PHP_MONGODB_SASL_LIBS_set=
ac_cv_env_PHP_MONGODB_SASL_LIBS_value=
ac_cv_env_PHP_MONGODB_SNAPPY_CFLAGS_set=
ac_cv_env_PHP_MONGODB_SNAPPY_CFLAGS_value=
ac_cv_env_PHP_MONGODB_SNAPPY_LIBS_set=
ac_cv_env_PHP_MONGODB_SNAPPY_LIBS_value=
ac_cv_env_PHP_MONGODB_SSL_CFLAGS_set=
ac_cv_env_PHP_MONGODB_SSL_CFLAGS_value=
ac_cv_env_PHP_MONGODB_SSL_LIBS_set=
ac_cv_env_PHP_MONGODB_SSL_LIBS_value=
ac_cv_env_PHP_MONGODB_UTF8PROC_CFLAGS_set=
ac_cv_env_PHP_MONGODB_UTF8PROC_CFLAGS_value=
ac_cv_env_PHP_MONGODB_UTF8PROC_LIBS_set=
ac_cv_env_PHP_MONGODB_UTF8PROC_LIBS_value=
ac_cv_env_PHP_MONGODB_ZLIB_CFLAGS_set=
ac_cv_env_PHP_MONGODB_ZLIB_CFLAGS_value=
ac_cv_env_PHP_MONGODB_ZLIB_LIBS_set=
ac_cv_env_PHP_MONGODB_ZLIB_LIBS_value=
ac_cv_env_PHP_MONGODB_ZSTD_CFLAGS_set=
ac_cv_env_PHP_MONGODB_ZSTD_CFLAGS_value=
ac_cv_env_PHP_MONGODB_ZSTD_LIBS_set=
ac_cv_env_PHP_MONGODB_ZSTD_LIBS_value=
ac_cv_env_PKG_CONFIG_LIBDIR_set=
ac_cv_env_PKG_CONFIG_LIBDIR_value=
ac_cv_env_PKG_CONFIG_PATH_set=
ac_cv_env_PKG_CONFIG_PATH_value=
ac_cv_env_PKG_CONFIG_set=
ac_cv_env_PKG_CONFIG_value=
ac_cv_env_build_alias_set=
ac_cv_env_build_alias_value=
ac_cv_env_host_alias_set=
ac_cv_env_host_alias_value=
ac_cv_env_target_alias_set=
ac_cv_env_target_alias_value=
ac_cv_func_aligned_alloc=yes
ac_cv_func_gmtime_r=yes
ac_cv_func_rand_r=yes
ac_cv_func_sched_getcpu=no
ac_cv_func_shm_open=yes
ac_cv_func_snprintf=yes
ac_cv_func_strlcpy=yes
ac_cv_have_decl_ASN1_STRING_get0_data=yes
ac_cv_header_dlfcn_h=yes
ac_cv_header_inttypes_h=yes
ac_cv_header_sasl_sasl_h=yes
ac_cv_header_snappy_c_h=no
ac_cv_header_stdbool_h=yes
ac_cv_header_stdint_h=yes
ac_cv_header_stdio_h=yes
ac_cv_header_stdlib_h=yes
ac_cv_header_string_h=yes
ac_cv_header_strings_h=yes
ac_cv_header_sys_stat_h=yes
ac_cv_header_sys_types_h=yes
ac_cv_header_unistd_h=yes
ac_cv_host=x86_64-apple-darwin21.6.0
ac_cv_lib_sasl2_sasl_client_done=yes
ac_cv_lib_sasl2_sasl_client_init=yes
ac_cv_member_struct_sockaddr_storage_ss_family=yes
ac_cv_objext=o
ac_cv_path_EGREP='/usr/bin/grep -E'
ac_cv_path_EGREP_TRADITIONAL='/usr/bin/grep -E'
ac_cv_path_GREP=/usr/bin/grep
ac_cv_path_SED=/usr/bin/sed
ac_cv_path_ac_pt_PKG_CONFIG=/usr/local/bin/pkg-config
ac_cv_prog_AWK=awk
ac_cv_prog_CPP='cc -E'
ac_cv_prog_ac_ct_AR=ar
ac_cv_prog_ac_ct_CC=cc
ac_cv_prog_ac_ct_CXX=g++
ac_cv_prog_ac_ct_DSYMUTIL=dsymutil
ac_cv_prog_ac_ct_NMEDIT=nmedit
ac_cv_prog_ac_ct_RANLIB=ranlib
ac_cv_prog_ac_ct_STRIP=strip
ac_cv_prog_cc_c11=
ac_cv_prog_cc_c23=no
ac_cv_prog_cc_g=yes
ac_cv_prog_cc_stdc=
ac_cv_prog_cxx_g=yes
ac_cv_search_clock_gettime='none required'
ac_cv_search_floor='none required'
ac_cv_target=x86_64-apple-darwin21.6.0
ac_cv_type__Bool=yes
ac_cv_type_socklen_t=yes
ac_cv_type_struct_timespec=yes
ax_cv_PTHREAD_CLANG=yes
ax_cv_PTHREAD_CLANG_NO_WARN_FLAG=no
ax_cv_PTHREAD_JOINABLE_ATTR=PTHREAD_CREATE_JOINABLE
ax_cv_PTHREAD_PRIO_INHERIT=yes
ax_cv_PTHREAD_SPECIAL_FLAGS=no
bson_cv_have_strnlen=yes
lt_cv_apple_cc_single_mod=yes
lt_cv_deplibs_check_method=pass_all
lt_cv_file_magic_cmd='$MAGIC_CMD'
lt_cv_file_magic_test_file=
lt_cv_ld_exported_symbols_list=yes
lt_cv_ld_reload_flag=-r
lt_cv_objdir=.libs
lt_cv_path_LD=/Library/Developer/CommandLineTools/usr/bin/ld
lt_cv_path_LDCXX=/Library/Developer/CommandLineTools/usr/bin/ld
lt_cv_path_NM='/usr/bin/nm -B'
lt_cv_path_SED=/usr/bin/sed
lt_cv_prog_compiler_c_o=yes
lt_cv_prog_compiler_c_o_CXX=yes
lt_cv_prog_compiler_pic_works=yes
lt_cv_prog_compiler_pic_works_CXX=yes
lt_cv_prog_compiler_rtti_exceptions=yes
lt_cv_prog_compiler_static_works=no
lt_cv_prog_compiler_static_works_CXX=no
lt_cv_prog_gnu_ld=no
lt_cv_prog_gnu_ldcxx=no
lt_cv_sys_global_symbol_pipe='sed -n -e '\''s/^.*[ 	]\([ABCDGIRSTW][ABCDGIRSTW]*\)[ 	][ 	]*_\([_A-Za-z][_A-Za-z0-9]*\)$/\1 _\2 \2/p'\'''
lt_cv_sys_global_symbol_to_c_name_address='sed -n -e '\''s/^: \([^ ]*\) $/  {\"\1\", (lt_ptr) 0},/p'\'' -e '\''s/^[BCDEGRST] \([^ ]*\) \([^ ]*\)$/  {"\2", (lt_ptr) \&\2},/p'\'''
lt_cv_sys_global_symbol_to_cdecl='sed -n -e '\''s/^. .* \(.*\)$/extern int \1;/p'\'''
lt_cv_sys_lib_dlsearch_path_spec='/usr/local/lib /lib /usr/lib'
lt_cv_sys_lib_search_path_spec='/Library/Developer/CommandLineTools/usr/lib/clang/14.0.0 /usr/local/lib'
lt_cv_sys_max_cmd_len=786432
lt_lt_cv_prog_compiler_c_o='"yes"'
lt_lt_cv_prog_compiler_c_o_CXX='"yes"'
lt_lt_cv_sys_global_symbol_pipe='"sed -n -e '\''s/^.*[ 	]\\([ABCDGIRSTW][ABCDGIRSTW]*\\)[ 	][ 	]*_\\([_A-Za-z][_A-Za-z0-9]*\\)\$/\\1 _\\2 \\2/p'\''"'
lt_lt_cv_sys_global_symbol_to_c_name_address='"sed -n -e '\''s/^: \\([^ ]*\\) \$/  {\\\"\\1\\\", (lt_ptr) 0},/p'\'' -e '\''s/^[BCDEGRST] \\([^ ]*\\) \\([^ ]*\\)\$/  {\"\\2\", (lt_ptr) \\&\\2},/p'\''"'
lt_lt_cv_sys_global_symbol_to_cdecl='"sed -n -e '\''s/^. .* \\(.*\\)\$/extern int \\1;/p'\''"'
php_cv_cc_rpath=yes
pkg_cv_PHP_MONGODB_SSL_CFLAGS=-I/usr/local/Cellar/openssl@3/3.6.2/include
pkg_cv_PHP_MONGODB_SSL_LIBS='-L/usr/local/Cellar/openssl@3/3.6.2/lib -lssl -lcrypto'
pkg_cv_PHP_MONGODB_ZLIB_CFLAGS=
pkg_cv_PHP_MONGODB_ZLIB_LIBS=-lz
pkg_cv_PHP_MONGODB_ZSTD_CFLAGS=-I/usr/local/opt/zstd/include
pkg_cv_PHP_MONGODB_ZSTD_LIBS='-L/usr/local/opt/zstd/lib -lzstd'

## ----------------- ##
## Output variables. ##
## ----------------- ##

ACCEPT_ARG2='struct sockaddr'
ACCEPT_ARG3='socklen_t'
AR='ar'
AWK='awk'
BSON_BYTE_ORDER='1234'
BSON_HAVE_ALIGNED_ALLOC='1'
BSON_HAVE_CLOCK_GETTIME='1'
BSON_HAVE_GMTIME_R='1'
BSON_HAVE_RAND_R='1'
BSON_HAVE_SNPRINTF='1'
BSON_HAVE_STDBOOL_H='1'
BSON_HAVE_STRINGS_H='1'
BSON_HAVE_STRLCPY='1'
BSON_HAVE_STRNLEN='1'
BSON_HAVE_TIMESPEC='1'
BSON_OS='1'
BUILD_CC='cc'
CC='cc'
CFLAGS='-g -O2'
CONFIGURE_COMMAND=' '\''./configure'\''  '\''--with-php-config=/usr/local/bin/php-config'\'''
CONFIGURE_OPTIONS=' '\''--with-php-config=/usr/local/bin/php-config'\'''
CPP='cc -E'
CPPFLAGS=' -DHAVE_CONFIG_H'
CXX='g++'
CXXFLAGS=''
DEFS='-DHAVE_CONFIG_H'
DSYMUTIL='dsymutil'
ECHO='/bin/echo'
ECHO_C='\c'
ECHO_N=''
ECHO_T=''
EGREP='/usr/bin/grep -E'
EXEEXT=''
GREP='/usr/bin/grep'
LDFLAGS=''
LIBOBJS=''
LIBS=''
LIBTOOL='$(SHELL) $(top_builddir)/libtool'
LN_S='ln -s'
LTLIBOBJS=''
MONGOCRYPT_BUILD_VERSION='1.17.3'
MONGOCRYPT_ENABLE_CRYPTO='1'
MONGOCRYPT_ENABLE_CRYPTO_CNG='0'
MONGOCRYPT_ENABLE_CRYPTO_COMMON_CRYPTO='0'
MONGOCRYPT_ENABLE_CRYPTO_LIBCRYPTO='1'
MONGOCRYPT_ENABLE_TRACE='1'
MONGOC_CC='cc'
MONGOC_CXX_COMPILER_ID=''
MONGOC_CXX_COMPILER_VERSION=''
MONGOC_ENABLE_CLIENT_SIDE_ENCRYPTION='1'
MONGOC_ENABLE_COMPRESSION='1'
MONGOC_ENABLE_COMPRESSION_SNAPPY='0'
MONGOC_ENABLE_COMPRESSION_ZLIB='1'
MONGOC_ENABLE_COMPRESSION_ZSTD='1'
MONGOC_ENABLE_CRYPTO='1'
MONGOC_ENABLE_CRYPTO_CNG='0'
MONGOC_ENABLE_CRYPTO_COMMON_CRYPTO='0'
MONGOC_ENABLE_CRYPTO_LIBCRYPTO='1'
MONGOC_ENABLE_CRYPTO_SYSTEM_PROFILE='0'
MONGOC_ENABLE_DEBUG_ASSERTIONS='0'
MONGOC_ENABLE_MONGODB_AWS_AUTH='1'
MONGOC_ENABLE_RDTSCP='0'
MONGOC_ENABLE_SASL='1'
MONGOC_ENABLE_SASL_CYRUS='1'
MONGOC_ENABLE_SASL_SSPI='0'
MONGOC_ENABLE_SHM_COUNTERS='0'
MONGOC_ENABLE_SRV='1'
MONGOC_ENABLE_SSL='1'
MONGOC_ENABLE_SSL_OPENSSL='1'
MONGOC_ENABLE_SSL_SECURE_CHANNEL='0'
MONGOC_ENABLE_SSL_SECURE_TRANSPORT='0'
MONGOC_HAVE_ASN1_STRING_GET0_DATA='1'
MONGOC_HAVE_BCRYPT_PBKDF2='0'
MONGOC_HAVE_DNSAPI='0'
MONGOC_HAVE_RES_NCLOSE='0'
MONGOC_HAVE_RES_NDESTROY='1'
MONGOC_HAVE_RES_NSEARCH='1'
MONGOC_HAVE_RES_SEARCH='0'
MONGOC_HAVE_SASL_CLIENT_DONE='1'
MONGOC_HAVE_SCHED_GETCPU='0'
MONGOC_HAVE_SOCKLEN='1'
MONGOC_HAVE_SS_FAMILY='1'
MONGOC_SOCKET_ARG2='struct sockaddr'
MONGOC_SOCKET_ARG3='socklen_t'
MONGOC_TRACE='1'
MONGOC_USER_SET_CFLAGS=''
MONGOC_USER_SET_LDFLAGS=''
NMEDIT='nmedit'
OBJEXT='o'
PACKAGE_BUGREPORT=''
PACKAGE_NAME=''
PACKAGE_STRING=''
PACKAGE_TARNAME=''
PACKAGE_URL=''
PACKAGE_VERSION=''
PATH_SEPARATOR=':'
PHP_MONGODB_BSON_CFLAGS=''
PHP_MONGODB_BSON_LIBS=''
PHP_MONGODB_MONGOCRYPT_CFLAGS=''
PHP_MONGODB_MONGOCRYPT_LIBS=''
PHP_MONGODB_MONGOC_CFLAGS=''
PHP_MONGODB_MONGOC_LIBS=''
PHP_MONGODB_SASL_CFLAGS=''
PHP_MONGODB_SASL_LIBS=''
PHP_MONGODB_SNAPPY_CFLAGS=''
PHP_MONGODB_SNAPPY_LIBS=''
PHP_MONGODB_SSL_CFLAGS='-I/usr/local/Cellar/openssl@3/3.6.2/include'
PHP_MONGODB_SSL_LIBS='-L/usr/local/Cellar/openssl@3/3.6.2/lib -lssl -lcrypto'
PHP_MONGODB_UTF8PROC_CFLAGS=' -DBSON_COMPILATION -DMONGOC_COMPILATION -D_XOPEN_SOURCE=700 -D_BSD_SOURCE -D_DEFAULT_SOURCE -D_DARWIN_C_SOURCE -pthread  -I/usr/local/opt/zstd/include -I/usr/local/Cellar/openssl@3/3.6.2/include -DKMS_MESSAGE_ENABLE_CRYPTO=1 -DKMS_MESSAGE_ENABLE_CRYPTO_LIBCRYPTO=1 -DKMS_MESSAGE_LITTLE_ENDIAN=1 -pthread  -DUTF8PROC_STATIC'
PHP_MONGODB_UTF8PROC_LIBS=''
PHP_MONGODB_ZLIB_CFLAGS=''
PHP_MONGODB_ZLIB_LIBS='-lz'
PHP_MONGODB_ZSTD_CFLAGS='-I/usr/local/opt/zstd/include'
PHP_MONGODB_ZSTD_LIBS='-L/usr/local/opt/zstd/lib -lzstd'
PKG_CONFIG='/usr/local/bin/pkg-config'
PKG_CONFIG_LIBDIR=''
PKG_CONFIG_PATH=''
PTHREAD_CC='cc'
PTHREAD_CFLAGS='-pthread'
PTHREAD_CXX='g++'
PTHREAD_LIBS='-lpthread'
RANLIB='ranlib'
SED='/usr/bin/sed'
SHELL='/bin/sh'
SHLIB_DL_SUFFIX_NAME='so'
SHLIB_SUFFIX_NAME='dylib'
STRIP='strip'
ac_ct_CC='cc'
ac_ct_CXX='g++'
ax_pthread_config=''
bindir='${exec_prefix}/bin'
build='x86_64-apple-darwin21.6.0'
build_alias=''
build_cpu='x86_64'
build_os='darwin21.6.0'
build_vendor='apple'
datadir='${datarootdir}'
datarootdir='${prefix}/share'
docdir='${datarootdir}/doc/${PACKAGE}'
dvidir='${docdir}'
exec_prefix='$(prefix)'
host='x86_64-apple-darwin21.6.0'
host_alias='x86_64-apple-darwin21.6.0'
host_cpu='x86_64'
host_os='darwin21.6.0'
host_vendor='apple'
htmldir='${docdir}'
includedir='${prefix}/include'
infodir='${datarootdir}/info'
libbson_VERSION_FULL='2.3.0'
libbson_VERSION_MAJOR='2'
libbson_VERSION_MINOR='3'
libbson_VERSION_PATCH='0'
libbson_VERSION_PRERELEASE=''
libdir='${exec_prefix}/lib'
libexecdir='${exec_prefix}/libexec'
libmongoc_VERSION_FULL='2.3.0'
libmongoc_VERSION_MAJOR='2'
libmongoc_VERSION_MINOR='3'
libmongoc_VERSION_PATCH='0'
libmongoc_VERSION_PRERELEASE=''
localedir='${datarootdir}/locale'
localstatedir='${prefix}/var'
mandir='${datarootdir}/man'
oldincludedir='/usr/include'
pdfdir='${docdir}'
prefix='/usr/local/Cellar/php/8.5.6'
program_transform_name='s,x,x,'
psdir='${docdir}'
runstatedir='${localstatedir}/run'
sbindir='${exec_prefix}/sbin'
sharedstatedir='${prefix}/com'
sysconfdir='${prefix}/etc'
target='x86_64-apple-darwin21.6.0'
target_alias=''
target_cpu='x86_64'
target_os='darwin21.6.0'
target_vendor='apple'

## ----------- ##
## confdefs.h. ##
## ----------- ##

/* confdefs.h */
#define PACKAGE_NAME ""
#define PACKAGE_TARNAME ""
#define PACKAGE_VERSION ""
#define PACKAGE_STRING ""
#define PACKAGE_BUGREPORT ""
#define PACKAGE_URL ""
#define HAVE_TYPEOF 1
#define HAVE_STDIO_H 1
#define HAVE_STDLIB_H 1
#define HAVE_STRING_H 1
#define HAVE_INTTYPES_H 1
#define HAVE_STDINT_H 1
#define HAVE_STRINGS_H 1
#define HAVE_SYS_STAT_H 1
#define HAVE_SYS_TYPES_H 1
#define HAVE_UNISTD_H 1
#define STDC_HEADERS 1
#define HAVE__BOOL 1
#define HAVE_STDBOOL_H 1
#define HAVE_PTHREAD_PRIO_INHERIT 1
#define HAVE_DECL_ASN1_STRING_GET0_DATA 1
#define HAVE_SHM_OPEN 1
#define ACCEPT_ARG2 /**/
#define ACCEPT_ARG3 /**/
#define ACCEPT_ARG2 struct sockaddr
#define ACCEPT_ARG3 socklen_t
#define COMPILE_DL_MONGODB 1
#define HAVE_DLFCN_H 1

configure: exit 
